[0.028s] Invoking command in '/home/apollo/build/usb_cam': WSLENV=ELECTRON_RUN_AS_NODE/w:WT_SESSION::WT_PROFILE_ID /usr/bin/cmake /home/apollo/modules/drivers/camera -DCMAKE_INSTALL_PREFIX=/home/apollo/install/usb_cam
[0.273s] -- The C compiler identification is GNU 9.4.0
[0.600s] -- The CXX compiler identification is GNU 9.4.0
[0.771s] -- Check for working C compiler: /usr/bin/cc
[0.934s] -- Check for working C compiler: /usr/bin/cc -- works
[0.935s] -- Detecting C compiler ABI info
[1.093s] -- Detecting C compiler ABI info - done
[1.107s] -- Detecting C compile features
[1.107s] -- Detecting C compile features - done
[1.113s] -- Check for working CXX compiler: /usr/bin/c++
[1.282s] -- Check for working CXX compiler: /usr/bin/c++ -- works
[1.283s] -- Detecting CXX compiler ABI info
[1.445s] -- Detecting CXX compiler ABI info - done
[1.463s] -- Detecting CXX compile features
[1.464s] -- Detecting CXX compile features - done
[2.559s] CMake Error at CMakeLists.txt:7 (find_package):
[2.559s]   By not providing "Findcatkin.cmake" in CMAKE_MODULE_PATH this project has
[2.559s]   asked CMake to find a package configuration file provided by "catkin", but
[2.559s]   CMake did not find one.
[2.559s] 
[2.559s]   Could not find a package configuration file provided by "catkin" with any
[2.559s]   of the following names:
[2.559s] 
[2.559s]     catkinConfig.cmake
[2.559s]     catkin-config.cmake
[2.559s] 
[2.559s]   Add the installation prefix of "catkin" to CMAKE_PREFIX_PATH or set
[2.559s]   "catkin_DIR" to a directory containing one of the above files.  If "catkin"
[2.559s]   provides a separate development package or SDK, be sure it has been
[2.559s]   installed.
[2.559s] 
[2.559s] 
[2.559s] -- Configuring incomplete, errors occurred!
[2.559s] See also "/home/apollo/build/usb_cam/CMakeFiles/CMakeOutput.log".
[2.562s] Invoked command in '/home/apollo/build/usb_cam' returned '1': WSLENV=ELECTRON_RUN_AS_NODE/w:WT_SESSION::WT_PROFILE_ID /usr/bin/cmake /home/apollo/modules/drivers/camera -DCMAKE_INSTALL_PREFIX=/home/apollo/install/usb_cam
