[35m[1mScanning dependencies of target tf2[0m
[35m[1mScanning dependencies of target gtest[0m
[  4%] [32mBuilding CXX object CMakeFiles/tf2.dir/src/time.cpp.o[0m
[  8%] [32mBuilding CXX object CMakeFiles/tf2.dir/src/cache.cpp.o[0m
[ 13%] [32mBuilding CXX object CMakeFiles/tf2.dir/src/buffer_core.cpp.o[0m
[ 17%] [32mBuilding CXX object CMakeFiles/tf2.dir/src/static_cache.cpp.o[0m
[ 21%] [32mBuilding CXX object googletest/googletest-build/googletest/CMakeFiles/gtest.dir/src/gtest-all.cc.o[0m
[ 26%] [32m[1mLinking CXX shared library libtf2.so[0m
[ 26%] Built target tf2
[ 30%] [32m[1mLinking CXX static library ../../../lib/libgtest.a[0m
[ 30%] Built target gtest
[35m[1mScanning dependencies of target gmock[0m
[35m[1mScanning dependencies of target gtest_main[0m
[ 34%] [32mBuilding CXX object googletest/googletest-build/googletest/CMakeFiles/gtest_main.dir/src/gtest_main.cc.o[0m
[ 39%] [32mBuilding CXX object googletest/googletest-build/googlemock/CMakeFiles/gmock.dir/src/gmock-all.cc.o[0m
[ 43%] [32m[1mLinking CXX static library ../../../lib/libgtest_main.a[0m
[ 43%] Built target gtest_main
[35m[1mScanning dependencies of target tf2_static_cache_test[0m
[35m[1mScanning dependencies of target simple_tf2_core[0m
[35m[1mScanning dependencies of target tf2_speed_2_test[0m
[35m[1mScanning dependencies of target cache_unittest[0m
[35m[1mScanning dependencies of target tf2_speed_test[0m
[ 47%] [32mBuilding CXX object test/CMakeFiles/tf2_speed_2_test.dir/speed_2_test.cpp.o[0m
[ 56%] [32mBuilding CXX object test/CMakeFiles/tf2_speed_test.dir/speed_test.cpp.o[0m
[ 56%] [32mBuilding CXX object test/CMakeFiles/cache_unittest.dir/cache_unittest.cpp.o[0m
[ 60%] [32mBuilding CXX object test/CMakeFiles/simple_tf2_core.dir/simple_tf2_core.cpp.o[0m
[ 65%] [32mBuilding CXX object test/CMakeFiles/tf2_static_cache_test.dir/static_cache_test.cpp.o[0m
[ 69%] [32m[1mLinking CXX executable tf2_static_cache_test[0m
[ 69%] Built target tf2_static_cache_test
[ 73%] [32m[1mLinking CXX executable cache_unittest[0m
[ 73%] Built target cache_unittest
[ 78%] [32m[1mLinking CXX static library ../../../lib/libgmock.a[0m
[ 78%] Built target gmock
[35m[1mScanning dependencies of target gmock_main[0m
[ 82%] [32mBuilding CXX object googletest/googletest-build/googlemock/CMakeFiles/gmock_main.dir/src/gmock_main.cc.o[0m
[ 86%] [32m[1mLinking CXX executable tf2_speed_2_test[0m
[ 91%] [32m[1mLinking CXX executable simple_tf2_core[0m
[ 91%] Built target tf2_speed_2_test
[ 95%] [32m[1mLinking CXX executable tf2_speed_test[0m
[ 95%] Built target simple_tf2_core
[100%] [32m[1mLinking CXX static library ../../../lib/libgmock_main.a[0m
[100%] Built target tf2_speed_test
[100%] Built target gmock_main
