-- The CXX compiler identification is GNU 9.4.0
-- Check for working CXX compiler: /usr/bin/c++
-- Check for working CXX compiler: /usr/bin/c++ -- works
-- Detecting CXX compiler ABI info
-- Detecting CXX compiler ABI info - done
-- Detecting CXX compile features
-- Detecting CXX compile features - done
-- Found Boost: /usr/lib/x86_64-linux-gnu/cmake/Boost-1.71.0/BoostConfig.cmake (found version "1.71.0") found components: system thread 
-- Configuring done
-- Generating done
-- Build files have been written to: /home/apollo/build/tf2/googletest
Scanning dependencies of target googletest
[ 11%] Creating directories for 'googletest'
[ 22%] Performing download step (git clone) for 'googletest'
-- Had to git clone more than once:
          2 times.
[ 33%] No patch step for 'googletest'
[ 44%] Performing update step for 'googletest'
[ 55%] No configure step for 'googletest'
[ 66%] No build step for 'googletest'
[ 77%] No install step for 'googletest'
[ 88%] No test step for 'googletest'
[100%] Completed 'googletest'
[100%] Built target googletest
-- The C compiler identification is GNU 9.4.0
-- Check for working C compiler: /usr/bin/cc
-- Check for working C compiler: /usr/bin/cc -- works
-- Detecting C compiler ABI info
-- Detecting C compiler ABI info - done
-- Detecting C compile features
-- Detecting C compile features - done
-- Found PythonInterp: /usr/bin/python3.8 (found version "3.8.10") 
-- Found Threads: TRUE  
-- Configuring done
-- Generating done
-- Build files have been written to: /home/apollo/build/tf2
