Performing C++ SOURCE FILE Test CMAKE_HAVE_LIBC_PTHREAD failed with the following output:
Change Dir: /home/apollo/build/tf2/CMakeFiles/CMakeTmp

Run Build Command(s):/usr/bin/make cmTC_4226e/fast && /usr/bin/make -f CMakeFiles/cmTC_4226e.dir/build.make CMakeFiles/cmTC_4226e.dir/build
make[1]: Entering directory '/home/apollo/build/tf2/CMakeFiles/CMakeTmp'
Building CXX object CMakeFiles/cmTC_4226e.dir/src.cxx.o
/usr/bin/c++    -fPIC -DNDEBUG -O3 -pipe -Wall -DCMAKE_HAVE_LIBC_PTHREAD   -o CMakeFiles/cmTC_4226e.dir/src.cxx.o -c /home/apollo/build/tf2/CMakeFiles/CMakeTmp/src.cxx
Linking CXX executable cmTC_4226e
/usr/bin/cmake -E cmake_link_script CMakeFiles/cmTC_4226e.dir/link.txt --verbose=1
/usr/bin/c++  -fPIC -DNDEBUG -O3 -pipe -Wall -DCMAKE_HAVE_LIBC_PTHREAD    CMakeFiles/cmTC_4226e.dir/src.cxx.o  -o cmTC_4226e 
/usr/bin/ld: CMakeFiles/cmTC_4226e.dir/src.cxx.o: in function `main':
src.cxx:(.text.startup+0x27): undefined reference to `pthread_create'
/usr/bin/ld: src.cxx:(.text.startup+0x30): undefined reference to `pthread_detach'
/usr/bin/ld: src.cxx:(.text.startup+0x3b): undefined reference to `pthread_join'
collect2: error: ld returned 1 exit status
make[1]: *** [CMakeFiles/cmTC_4226e.dir/build.make:87: cmTC_4226e] Error 1
make[1]: Leaving directory '/home/apollo/build/tf2/CMakeFiles/CMakeTmp'
make: *** [Makefile:121: cmTC_4226e/fast] Error 2


Source file was:
#include <pthread.h>

void* test_func(void* data)
{
  return data;
}

int main(void)
{
  pthread_t thread;
  pthread_create(&thread, NULL, test_func, NULL);
  pthread_detach(thread);
  pthread_join(thread, NULL);
  pthread_atfork(NULL, NULL, NULL);
  pthread_exit(NULL);

  return 0;
}

Determining if the function pthread_create exists in the pthreads failed with the following output:
Change Dir: /home/apollo/build/tf2/CMakeFiles/CMakeTmp

Run Build Command(s):/usr/bin/make cmTC_08909/fast && /usr/bin/make -f CMakeFiles/cmTC_08909.dir/build.make CMakeFiles/cmTC_08909.dir/build
make[1]: Entering directory '/home/apollo/build/tf2/CMakeFiles/CMakeTmp'
Building CXX object CMakeFiles/cmTC_08909.dir/CheckFunctionExists.cxx.o
/usr/bin/c++    -fPIC -DNDEBUG -O3 -pipe -Wall -DCHECK_FUNCTION_EXISTS=pthread_create   -o CMakeFiles/cmTC_08909.dir/CheckFunctionExists.cxx.o -c /home/apollo/build/tf2/CMakeFiles/CheckLibraryExists/CheckFunctionExists.cxx
Linking CXX executable cmTC_08909
/usr/bin/cmake -E cmake_link_script CMakeFiles/cmTC_08909.dir/link.txt --verbose=1
/usr/bin/c++  -fPIC -DNDEBUG -O3 -pipe -Wall -DCHECK_FUNCTION_EXISTS=pthread_create    CMakeFiles/cmTC_08909.dir/CheckFunctionExists.cxx.o  -o cmTC_08909  -lpthreads 
/usr/bin/ld: cannot find -lpthreads
collect2: error: ld returned 1 exit status
make[1]: *** [CMakeFiles/cmTC_08909.dir/build.make:87: cmTC_08909] Error 1
make[1]: Leaving directory '/home/apollo/build/tf2/CMakeFiles/CMakeTmp'
make: *** [Makefile:121: cmTC_08909/fast] Error 2



